{"api":"NODE SERVER","label":"Uygulama V1","level":"\u001b[32minfo\u001b[39m","message":"MongoDb bağlantısı başarılı","timestamp":"2023-09-21T14:49:10.764Z"}
{"api":"NODE SERVER","label":"Uygulama V1","level":"\u001b[32minfo\u001b[39m","message":"IP Adresi: ::1 - PATH: /api/v1/user/createUser - BODY: {\"email\":\"batu@mail.com\",\"password:\":\"1234\",\"name\":\"Batuhan\",\"surname\":\"Ankara\",\"birthDate\":\"10-10-2000\"} - PARAMS: {} - MIDDLEWARE ACCESS TIME: 1695307823618 - URL: /api/v1/user/createUser","timestamp":"2023-09-21T14:50:23.618Z"}
{"api":"NODE SERVER","label":"Uygulama V1","level":"\u001b[32minfo\u001b[39m","message":"IP Adresi: ::1 - PATH: /api/v1/user/login - BODY: {\"email\":\"batu@mail.com\",\"password:\":\"1234\"} - PARAMS: {} - MIDDLEWARE ACCESS TIME: 1695307831300 - URL: /api/v1/user/login","timestamp":"2023-09-21T14:50:31.300Z"}
{"api":"NODE SERVER","label":"Uygulama V1","level":"\u001b[32minfo\u001b[39m","message":"MongoDb bağlantısı başarılı","timestamp":"2023-09-21T14:50:52.397Z"}
{"api":"NODE SERVER","label":"Uygulama V1","level":"\u001b[32minfo\u001b[39m","message":"IP Adresi: ::1 - PATH: /api/v1/user/createUser - BODY: {\"email\":\"batu@mail.com\",\"password:\":\"1234\",\"name\":\"Batuhan\",\"surname\":\"Ankara\",\"birthDate\":\"10-10-2000\"} - PARAMS: {} - MIDDLEWARE ACCESS TIME: 1695307854485 - URL: /api/v1/user/createUser","timestamp":"2023-09-21T14:50:54.485Z"}
{"api":"NODE SERVER","label":"Uygulama V1","level":"\u001b[32minfo\u001b[39m","message":"IP Adresi: ::1 - PATH: /api/v1/user/createUser - BODY: {\"email\":\"batu@mail.com\",\"password:\":\"12345\",\"name\":\"Batuhan\",\"surname\":\"Ankara\",\"birthDate\":\"10-10-2000\"} - PARAMS: {} - MIDDLEWARE ACCESS TIME: 1695307878826 - URL: /api/v1/user/createUser","timestamp":"2023-09-21T14:51:18.826Z"}
{"api":"NODE SERVER","label":"Uygulama V1","level":"\u001b[32minfo\u001b[39m","message":"IP Adresi: ::1 - PATH: /api/v1/user/createUser - BODY: {\"email\":\"batu@mail.com\",\"password:\":\"12345\",\"name\":\"Batuhan\",\"surname\":\"Ankara\",\"birthDate\":\"10-10-2000\"} - PARAMS: {} - MIDDLEWARE ACCESS TIME: 1695307879564 - URL: /api/v1/user/createUser","timestamp":"2023-09-21T14:51:19.565Z"}
{"api":"NODE SERVER","label":"Uygulama V1","level":"\u001b[32minfo\u001b[39m","message":"IP Adresi: ::1 - PATH: /api/v1/user/createUser - BODY: {\"email\":\"batu@mail.com\",\"password:\":\"2305\",\"name\":\"Batuhan\",\"surname\":\"Ankara\",\"birthDate\":\"10-10-2000\"} - PARAMS: {} - MIDDLEWARE ACCESS TIME: 1695307897111 - URL: /api/v1/user/createUser","timestamp":"2023-09-21T14:51:37.111Z"}
{"api":"NODE SERVER","label":"Uygulama V1","level":"\u001b[32minfo\u001b[39m","message":"MongoDb bağlantısı başarılı","timestamp":"2023-09-21T14:51:50.624Z"}
{"api":"NODE SERVER","label":"Uygulama V1","level":"\u001b[32minfo\u001b[39m","message":"IP Adresi: ::1 - PATH: /api/v1/user/createUser - BODY: {\"email\":\"batu@mail.com\",\"password:\":\"2305\",\"name\":\"Batuhan\",\"surname\":\"Ankara\",\"birthDate\":\"10-10-2000\"} - PARAMS: {} - MIDDLEWARE ACCESS TIME: 1695307911677 - URL: /api/v1/user/createUser","timestamp":"2023-09-21T14:51:51.677Z"}
{"api":"NODE SERVER","label":"Uygulama V1","level":"\u001b[32minfo\u001b[39m","message":"IP Adresi: ::1 - PATH: /api/v1/user/createUser - BODY: {\"email\":\"batu@mail.com\",\"password:\":\"2305\",\"name\":\"Batuhan\",\"surname\":\"Ankara\",\"birthDate\":\"10-10-2000\"} - PARAMS: {} - MIDDLEWARE ACCESS TIME: 1695307913258 - URL: /api/v1/user/createUser","timestamp":"2023-09-21T14:51:53.258Z"}
{"api":"NODE SERVER","label":"Uygulama V1","level":"\u001b[32minfo\u001b[39m","message":"IP Adresi: ::1 - PATH: /api/v1/user/login - BODY: {\"email\":\"batu@mail.com\",\"password:\":\"1234\"} - PARAMS: {} - MIDDLEWARE ACCESS TIME: 1695307919252 - URL: /api/v1/user/login","timestamp":"2023-09-21T14:51:59.252Z"}
{"api":"NODE SERVER","label":"Uygulama V1","level":"\u001b[32minfo\u001b[39m","message":"IP Adresi: ::1 - PATH: /api/v1/user/login - BODY: {\"email\":\"batu@mail.com\",\"password:\":\"1234\"} - PARAMS: {} - MIDDLEWARE ACCESS TIME: 1695307919924 - URL: /api/v1/user/login","timestamp":"2023-09-21T14:51:59.924Z"}
{"api":"NODE SERVER","label":"Uygulama V1","level":"\u001b[32minfo\u001b[39m","message":"MongoDb bağlantısı başarılı","timestamp":"2023-09-21T14:52:14.634Z"}
{"api":"NODE SERVER","label":"Uygulama V1","level":"\u001b[32minfo\u001b[39m","message":"IP Adresi: ::1 - PATH: /api/v1/user/login - BODY: {\"email\":\"batu@mail.com\",\"password:\":\"1234\"} - PARAMS: {} - MIDDLEWARE ACCESS TIME: 1695307934995 - URL: /api/v1/user/login","timestamp":"2023-09-21T14:52:14.995Z"}
{"api":"NODE SERVER","label":"Uygulama V1","level":"\u001b[32minfo\u001b[39m","message":"MongoDb bağlantısı başarılı","timestamp":"2023-09-21T14:52:19.396Z"}
{"api":"NODE SERVER","label":"Uygulama V1","level":"\u001b[32minfo\u001b[39m","message":"MongoDb bağlantısı başarılı","timestamp":"2023-09-21T14:52:37.937Z"}
{"api":"NODE SERVER","label":"Uygulama V1","level":"\u001b[32minfo\u001b[39m","message":"IP Adresi: ::1 - PATH: /api/v1/user/login - BODY: {\"email\":\"batu@mail.com\",\"password:\":\"1234\"} - PARAMS: {} - MIDDLEWARE ACCESS TIME: 1695307958876 - URL: /api/v1/user/login","timestamp":"2023-09-21T14:52:38.876Z"}
{"api":"NODE SERVER","label":"Uygulama V1","level":"\u001b[32minfo\u001b[39m","message":"MongoDb bağlantısı başarılı","timestamp":"2023-09-21T14:53:08.907Z"}
{"api":"NODE SERVER","label":"Uygulama V1","level":"\u001b[32minfo\u001b[39m","message":"IP Adresi: ::1 - PATH: /api/v1/user/login - BODY: {\"email\":\"batu@mail.com\",\"password:\":\"1234\"} - PARAMS: {} - MIDDLEWARE ACCESS TIME: 1695307989941 - URL: /api/v1/user/login","timestamp":"2023-09-21T14:53:09.941Z"}
{"api":"NODE SERVER","label":"Uygulama V1","level":"\u001b[32minfo\u001b[39m","message":"IP Adresi: ::1 - PATH: /api/v1/user/login - BODY: {\"email\":\"batu@mail.com\",\"password:\":\"1234\"} - PARAMS: {} - MIDDLEWARE ACCESS TIME: 1695307998807 - URL: /api/v1/user/login","timestamp":"2023-09-21T14:53:18.807Z"}
{"api":"NODE SERVER","label":"Uygulama V1","level":"\u001b[32minfo\u001b[39m","message":"MongoDb bağlantısı başarılı","timestamp":"2023-09-21T16:45:31.144Z"}
{"api":"NODE SERVER","label":"Uygulama V1","level":"\u001b[32minfo\u001b[39m","message":"IP Adresi: ::1 - PATH: /api/v1/user/login - BODY: {\"email\":\"batu@mail.com\",\"password:\":\"1234\"} - PARAMS: {} - MIDDLEWARE ACCESS TIME: 1695314735899 - URL: /api/v1/user/login","timestamp":"2023-09-21T16:45:35.899Z"}
{"api":"NODE SERVER","label":"Uygulama V1","level":"\u001b[32minfo\u001b[39m","message":"IP Adresi: ::1 - PATH: /api/v1/user/login - BODY: {\"email\":\"batu@mail.com\",\"password:\":\"2305\"} - PARAMS: {} - MIDDLEWARE ACCESS TIME: 1695314753161 - URL: /api/v1/user/login","timestamp":"2023-09-21T16:45:53.161Z"}
{"api":"NODE SERVER","label":"Uygulama V1","level":"\u001b[32minfo\u001b[39m","message":"MongoDb bağlantısı başarılı","timestamp":"2023-09-21T16:46:59.640Z"}
{"api":"NODE SERVER","label":"Uygulama V1","level":"\u001b[32minfo\u001b[39m","message":"IP Adresi: ::1 - PATH: /api/v1/user/createUser - BODY: {\"email\":\"aaaa@mail.com\",\"password:\":\"1234\",\"name\":\"Batuhan\",\"surname\":\"Ankara\",\"birthDate\":\"10-10-2000\"} - PARAMS: {} - MIDDLEWARE ACCESS TIME: 1695314821793 - URL: /api/v1/user/createUser","timestamp":"2023-09-21T16:47:01.793Z"}
{"api":"NODE SERVER","label":"Uygulama V1","level":"\u001b[32minfo\u001b[39m","message":"MongoDb bağlantısı başarılı","timestamp":"2023-09-21T16:47:39.118Z"}
{"api":"NODE SERVER","label":"Uygulama V1","level":"\u001b[32minfo\u001b[39m","message":"IP Adresi: ::1 - PATH: /api/v1/user/createUser - BODY: {\"email\":\"aaaa@mail.com\",\"password:\":\"1234\",\"name\":\"Batuhan\",\"surname\":\"Ankara\",\"birthDate\":\"10-10-2000\"} - PARAMS: {} - MIDDLEWARE ACCESS TIME: 1695314860171 - URL: /api/v1/user/createUser","timestamp":"2023-09-21T16:47:40.171Z"}
{"api":"NODE SERVER","label":"Uygulama V1","level":"\u001b[32minfo\u001b[39m","message":"IP Adresi: ::1 - PATH: /api/v1/user/login - BODY: {\"email\":\"batu@mail.com\",\"password\":\"2305\"} - PARAMS: {} - MIDDLEWARE ACCESS TIME: 1695314896337 - URL: /api/v1/user/login","timestamp":"2023-09-21T16:48:16.337Z"}
{"api":"NODE SERVER","label":"Uygulama V1","level":"\u001b[32minfo\u001b[39m","message":"IP Adresi: ::1 - PATH: /api/v1/user/login - BODY: {\"email\":\"batu@mail.com\",\"password\":\"1234\"} - PARAMS: {} - MIDDLEWARE ACCESS TIME: 1695314903075 - URL: /api/v1/user/login","timestamp":"2023-09-21T16:48:23.075Z"}
{"api":"NODE SERVER","label":"Uygulama V1","level":"\u001b[32minfo\u001b[39m","message":"MongoDb bağlantısı başarılı","timestamp":"2023-09-21T16:48:40.972Z"}
{"api":"NODE SERVER","label":"Uygulama V1","level":"\u001b[32minfo\u001b[39m","message":"IP Adresi: ::1 - PATH: /api/v1/user/login - BODY: {\"email\":\"batu@gmail.com\",\"password\":\"1234\"} - PARAMS: {} - MIDDLEWARE ACCESS TIME: 1695314925667 - URL: /api/v1/user/login","timestamp":"2023-09-21T16:48:45.667Z"}
{"api":"NODE SERVER","label":"Uygulama V1","level":"\u001b[32minfo\u001b[39m","message":"IP Adresi: ::1 - PATH: /api/v1/user/createUser - BODY: {\"email\":\"aaaa@mail.com\",\"password:\":\"1234\",\"name\":\"Batuhan\",\"surname\":\"Ankara\",\"birthDate\":\"10-10-2000\"} - PARAMS: {} - MIDDLEWARE ACCESS TIME: 1695314930698 - URL: /api/v1/user/createUser","timestamp":"2023-09-21T16:48:50.699Z"}
{"api":"NODE SERVER","label":"Uygulama V1","level":"\u001b[32minfo\u001b[39m","message":"IP Adresi: ::1 - PATH: /api/v1/user/createUser - BODY: {\"email\":\"aaaa@mail.com\",\"password:\":\"1234\",\"name\":\"Batuhan\",\"surname\":\"Ankara\",\"birthDate\":\"10-10-2000\"} - PARAMS: {} - MIDDLEWARE ACCESS TIME: 1695314931779 - URL: /api/v1/user/createUser","timestamp":"2023-09-21T16:48:51.779Z"}
{"api":"NODE SERVER","label":"Uygulama V1","level":"\u001b[32minfo\u001b[39m","message":"IP Adresi: ::1 - PATH: /api/v1/user/createUser - BODY: {\"email\":\"aaaa@mail.com\",\"password\":\"1234\",\"name\":\"Batuhan\",\"surname\":\"Ankara\",\"birthDate\":\"10-10-2000\"} - PARAMS: {} - MIDDLEWARE ACCESS TIME: 1695314936629 - URL: /api/v1/user/createUser","timestamp":"2023-09-21T16:48:56.629Z"}
{"api":"NODE SERVER","label":"Uygulama V1","level":"\u001b[32minfo\u001b[39m","message":"IP Adresi: ::1 - PATH: /api/v1/user/login - BODY: {\"email\":\"aaaa@mail.com\",\"password\":\"1234\"} - PARAMS: {} - MIDDLEWARE ACCESS TIME: 1695314947674 - URL: /api/v1/user/login","timestamp":"2023-09-21T16:49:07.675Z"}
{"api":"NODE SERVER","label":"Uygulama V1","level":"\u001b[32minfo\u001b[39m","message":"MongoDb bağlantısı başarılı","timestamp":"2023-09-21T17:00:56.717Z"}
{"api":"NODE SERVER","label":"Uygulama V1","level":"\u001b[32minfo\u001b[39m","message":"MongoDb bağlantısı başarılı","timestamp":"2023-09-21T18:06:37.114Z"}
{"api":"NODE SERVER","label":"Uygulama V1","level":"\u001b[32minfo\u001b[39m","message":"IP Adresi: ::1 - PATH: /api/v1/user/updateAlbum/650c73f8afcc59ee5ab72b6a - BODY: {} - PARAMS: {} - MIDDLEWARE ACCESS TIME: 1695319601297 - URL: /api/v1/user/updateAlbum/650c73f8afcc59ee5ab72b6a","timestamp":"2023-09-21T18:06:41.297Z"}
{"api":"NODE SERVER","label":"Uygulama V1","level":"\u001b[32minfo\u001b[39m","message":"MongoDb bağlantısı başarılı","timestamp":"2023-09-21T18:08:48.963Z"}
{"api":"NODE SERVER","label":"Uygulama V1","level":"\u001b[32minfo\u001b[39m","message":"IP Adresi: ::1 - PATH: /api/v1/user/updateAlbum/650c73f8afcc59ee5ab72b6a - BODY: {} - PARAMS: {} - MIDDLEWARE ACCESS TIME: 1695319732141 - URL: /api/v1/user/updateAlbum/650c73f8afcc59ee5ab72b6a","timestamp":"2023-09-21T18:08:52.141Z"}
{"api":"NODE SERVER","label":"Uygulama V1","level":"\u001b[32minfo\u001b[39m","message":"IP Adresi: ::1 - PATH: /api/v1/user/updateAlbum/650c73f8afcc59ee5ab72b6a - BODY: {} - PARAMS: {} - MIDDLEWARE ACCESS TIME: 1695319739231 - URL: /api/v1/user/updateAlbum/650c73f8afcc59ee5ab72b6a","timestamp":"2023-09-21T18:08:59.232Z"}
{"api":"NODE SERVER","label":"Uygulama V1","level":"\u001b[32minfo\u001b[39m","message":"IP Adresi: ::ffff:192.168.1.132 - PATH: /uploads/undefined - BODY: {} - PARAMS: {} - MIDDLEWARE ACCESS TIME: 1695319754317 - URL: /uploads/undefined","timestamp":"2023-09-21T18:09:14.317Z"}
{"api":"NODE SERVER","label":"Uygulama V1","level":"\u001b[32minfo\u001b[39m","message":"MongoDb bağlantısı başarılı","timestamp":"2023-09-21T18:19:34.791Z"}
{"api":"NODE SERVER","label":"Uygulama V1","level":"\u001b[32minfo\u001b[39m","message":"IP Adresi: ::1 - PATH: /api/v1/user/updateAlbum/650c73f8afcc59ee5ab72b6a - BODY: {} - PARAMS: {} - MIDDLEWARE ACCESS TIME: 1695320376992 - URL: /api/v1/user/updateAlbum/650c73f8afcc59ee5ab72b6a","timestamp":"2023-09-21T18:19:36.992Z"}
{"api":"NODE SERVER","label":"Uygulama V1","level":"\u001b[32minfo\u001b[39m","message":"MongoDb bağlantısı başarılı","timestamp":"2023-09-21T18:19:51.850Z"}
{"api":"NODE SERVER","label":"Uygulama V1","level":"\u001b[32minfo\u001b[39m","message":"IP Adresi: ::1 - PATH: /api/v1/user/updateAlbum/650c73f8afcc59ee5ab72b6a - BODY: {} - PARAMS: {} - MIDDLEWARE ACCESS TIME: 1695320394554 - URL: /api/v1/user/updateAlbum/650c73f8afcc59ee5ab72b6a","timestamp":"2023-09-21T18:19:54.554Z"}
{"api":"NODE SERVER","label":"Uygulama V1","level":"\u001b[32minfo\u001b[39m","message":"MongoDb bağlantısı başarılı","timestamp":"2023-09-21T18:20:02.213Z"}
{"api":"NODE SERVER","label":"Uygulama V1","level":"\u001b[32minfo\u001b[39m","message":"MongoDb bağlantısı başarılı","timestamp":"2023-09-21T18:46:46.948Z"}
{"api":"NODE SERVER","label":"Uygulama V1","level":"\u001b[32minfo\u001b[39m","message":"MongoDb bağlantısı başarılı","timestamp":"2023-09-21T18:47:12.407Z"}
