{"api":"NODE SERVER","label":"Uygulama V1","level":"\u001b[32minfo\u001b[39m","message":"MongoDb bağlantısı başarılı","timestamp":"2023-09-29T18:16:30.104Z"}
{"api":"NODE SERVER","label":"Uygulama V1","level":"\u001b[32minfo\u001b[39m","message":"IP Adresi: ::1 - PATH: /api/v1/zodiac/postRelationship - BODY: {\"title1\":\"oglak\",\"title2\":\"oglak\",\"relationship\":\"Oğlak erkeği de yine sizin hoşlandığınız ve beğendiğiniz şeylerden hoşlanır. O da sizin gibi planlı ve stratejik hareket etmeyi, ciddiyeti, resmiyeti sever. Farklı etkiler yoksa biraz soğuk ve kasvetli bir ilişki olabilir. Doğum haritalarınızın Oğlak dışındaki yönlerine karşılıklı ağırlık vererek bu ilişkiyi yürütmeniz mümkündür. Onun dışında bu ilişki karşılıklı kurallar, disiplin ve planlar çerçevesinde yürüyebilir. Karşılıklı olarak ilişkinizi bir iş yönetir gibi yönetebilirsiniz. Birbirinizi çok iyi anlayabilirsiniz ama iyi anlamak, anlaşmak olmayabilir.\"} - PARAMS: {} - MIDDLEWARE ACCESS TIME: 1696011747394 - URL: /api/v1/zodiac/postRelationship","timestamp":"2023-09-29T18:22:27.394Z"}
{"api":"NODE SERVER","label":"Uygulama V1","level":"\u001b[32minfo\u001b[39m","message":"MongoDb bağlantısı başarılı","timestamp":"2023-09-29T18:22:37.649Z"}
{"api":"NODE SERVER","label":"Uygulama V1","level":"\u001b[32minfo\u001b[39m","message":"IP Adresi: ::1 - PATH: /api/v1/zodiac/postRelationship - BODY: {\"title1\":\"oglak\",\"title2\":\"oglak\",\"relationship\":\"Oğlak erkeği de yine sizin hoşlandığınız ve beğendiğiniz şeylerden hoşlanır. O da sizin gibi planlı ve stratejik hareket etmeyi, ciddiyeti, resmiyeti sever. Farklı etkiler yoksa biraz soğuk ve kasvetli bir ilişki olabilir. Doğum haritalarınızın Oğlak dışındaki yönlerine karşılıklı ağırlık vererek bu ilişkiyi yürütmeniz mümkündür. Onun dışında bu ilişki karşılıklı kurallar, disiplin ve planlar çerçevesinde yürüyebilir. Karşılıklı olarak ilişkinizi bir iş yönetir gibi yönetebilirsiniz. Birbirinizi çok iyi anlayabilirsiniz ama iyi anlamak, anlaşmak olmayabilir.\"} - PARAMS: {} - MIDDLEWARE ACCESS TIME: 1696011758994 - URL: /api/v1/zodiac/postRelationship","timestamp":"2023-09-29T18:22:38.994Z"}
{"api":"NODE SERVER","label":"Uygulama V1","level":"\u001b[32minfo\u001b[39m","message":"IP Adresi: ::1 - PATH: /api/v1/zodiac/getRelationship - BODY: {} - PARAMS: {} - MIDDLEWARE ACCESS TIME: 1696012079344 - URL: /api/v1/zodiac/getRelationship?title1=oglak&title2=oglak","timestamp":"2023-09-29T18:27:59.345Z"}
{"api":"NODE SERVER","label":"Uygulama V1","level":"\u001b[32minfo\u001b[39m","message":"IP Adresi: ::1 - PATH: /api/v1/zodiac/postRelationship - BODY: {\"title1\":\"oglak\",\"title2\":\"balik\",\"relationship\":\"Oğlak erkeği de yine sizin hoşlandığınız ve beğendiğiniz şeylerden hoşlanır. O da sizin gibi planlı ve stratejik hareket etmeyi, ciddiyeti, resmiyeti sever. Farklı etkiler yoksa biraz soğuk ve kasvetli bir ilişki olabilir. Doğum haritalarınızın Oğlak dışındaki yönlerine karşılıklı ağırlık vererek bu ilişkiyi yürütmeniz mümkündür. Onun dışında bu ilişki karşılıklı kurallar, disiplin ve planlar çerçevesinde yürüyebilir. Karşılıklı olarak ilişkinizi bir iş yönetir gibi yönetebilirsiniz. Birbirinizi çok iyi anlayabilirsiniz ama iyi anlamak, anlaşmak olmayabilir.\"} - PARAMS: {} - MIDDLEWARE ACCESS TIME: 1696012144976 - URL: /api/v1/zodiac/postRelationship","timestamp":"2023-09-29T18:29:04.976Z"}
{"api":"NODE SERVER","label":"Uygulama V1","level":"\u001b[32minfo\u001b[39m","message":"IP Adresi: ::1 - PATH: /api/v1/zodiac/postRelationship - BODY: {\"title1\":\"oglak\",\"title2\":\"balik\",\"relationship\":\"Oğlak erkeği de yine sizin hoşlandığınız ve beğendiğiniz şeylerden hoşlanır. O da sizin gibi planlı ve stratejik hareket etmeyi, ciddiyeti, resmiyeti sever. Farklı etkiler yoksa biraz soğuk ve kasvetli bir ilişki olabilir. Doğum haritalarınızın Oğlak dışındaki yönlerine karşılıklı ağırlık vererek bu ilişkiyi yürütmeniz mümkündür. Onun dışında bu ilişki karşılıklı kurallar, disiplin ve planlar çerçevesinde yürüyebilir. Karşılıklı olarak ilişkinizi bir iş yönetir gibi yönetebilirsiniz. Birbirinizi çok iyi anlayabilirsiniz ama iyi anlamak, anlaşmak olmayabilir.\"} - PARAMS: {} - MIDDLEWARE ACCESS TIME: 1696012186245 - URL: /api/v1/zodiac/postRelationship","timestamp":"2023-09-29T18:29:46.245Z"}
{"api":"NODE SERVER","label":"Uygulama V1","level":"\u001b[32minfo\u001b[39m","message":"IP Adresi: ::1 - PATH: /api/v1/zodiac/getRelationship - BODY: {} - PARAMS: {} - MIDDLEWARE ACCESS TIME: 1696012262851 - URL: /api/v1/zodiac/getRelationship?title1=oglak&title2=balik","timestamp":"2023-09-29T18:31:02.851Z"}
{"api":"NODE SERVER","label":"Uygulama V1","level":"\u001b[32minfo\u001b[39m","message":"MongoDb bağlantısı başarılı","timestamp":"2023-09-29T18:45:52.214Z"}
{"api":"NODE SERVER","label":"Uygulama V1","level":"\u001b[32minfo\u001b[39m","message":"IP Adresi: ::1 - PATH: /api/v1/zodiac/getDaily/oglak - BODY: {} - PARAMS: {} - MIDDLEWARE ACCESS TIME: 1696013155418 - URL: /api/v1/zodiac/getDaily/oglak","timestamp":"2023-09-29T18:45:55.418Z"}
{"api":"NODE SERVER","label":"Uygulama V1","level":"\u001b[32minfo\u001b[39m","message":"MongoDb bağlantısı başarılı","timestamp":"2023-09-29T18:46:15.693Z"}
{"api":"NODE SERVER","label":"Uygulama V1","level":"\u001b[32minfo\u001b[39m","message":"IP Adresi: ::1 - PATH: /api/v1/zodiac/getDaily/oglak - BODY: {} - PARAMS: {} - MIDDLEWARE ACCESS TIME: 1696013176153 - URL: /api/v1/zodiac/getDaily/oglak","timestamp":"2023-09-29T18:46:16.153Z"}
{"api":"NODE SERVER","label":"Uygulama V1","level":"\u001b[32minfo\u001b[39m","message":"IP Adresi: ::1 - PATH: /api/v1/zodiac/getDaily/oglak - BODY: {} - PARAMS: {} - MIDDLEWARE ACCESS TIME: 1696013176826 - URL: /api/v1/zodiac/getDaily/oglak","timestamp":"2023-09-29T18:46:16.826Z"}
{"api":"NODE SERVER","label":"Uygulama V1","level":"\u001b[32minfo\u001b[39m","message":"MongoDb bağlantısı başarılı","timestamp":"2023-09-29T18:46:23.295Z"}
{"api":"NODE SERVER","label":"Uygulama V1","level":"\u001b[32minfo\u001b[39m","message":"MongoDb bağlantısı başarılı","timestamp":"2023-09-29T18:47:11.779Z"}
{"api":"NODE SERVER","label":"Uygulama V1","level":"\u001b[32minfo\u001b[39m","message":"IP Adresi: ::1 - PATH: /api/v1/zodiac/getDaily/oglak - BODY: {} - PARAMS: {} - MIDDLEWARE ACCESS TIME: 1696013232737 - URL: /api/v1/zodiac/getDaily/oglak","timestamp":"2023-09-29T18:47:12.737Z"}
{"api":"NODE SERVER","label":"Uygulama V1","level":"\u001b[32minfo\u001b[39m","message":"MongoDb bağlantısı başarılı","timestamp":"2023-09-29T18:47:27.096Z"}
{"api":"NODE SERVER","label":"Uygulama V1","level":"\u001b[32minfo\u001b[39m","message":"IP Adresi: ::1 - PATH: /api/v1/zodiac/getDaily/oglak - BODY: {} - PARAMS: {} - MIDDLEWARE ACCESS TIME: 1696013248906 - URL: /api/v1/zodiac/getDaily/oglak","timestamp":"2023-09-29T18:47:28.906Z"}
{"api":"NODE SERVER","label":"Uygulama V1","level":"\u001b[32minfo\u001b[39m","message":"MongoDb bağlantısı başarılı","timestamp":"2023-09-29T18:47:48.679Z"}
{"api":"NODE SERVER","label":"Uygulama V1","level":"\u001b[32minfo\u001b[39m","message":"MongoDb bağlantısı başarılı","timestamp":"2023-09-29T18:49:32.875Z"}
{"api":"NODE SERVER","label":"Uygulama V1","level":"\u001b[32minfo\u001b[39m","message":"MongoDb bağlantısı başarılı","timestamp":"2023-09-29T18:49:43.680Z"}
{"api":"NODE SERVER","label":"Uygulama V1","level":"\u001b[32minfo\u001b[39m","message":"IP Adresi: ::1 - PATH: /api/v1/zodiac/getDaily/oglak - BODY: {} - PARAMS: {} - MIDDLEWARE ACCESS TIME: 1696013385561 - URL: /api/v1/zodiac/getDaily/oglak","timestamp":"2023-09-29T18:49:45.561Z"}
{"api":"NODE SERVER","label":"Uygulama V1","level":"\u001b[32minfo\u001b[39m","message":"MongoDb bağlantısı başarılı","timestamp":"2023-09-29T18:51:11.469Z"}
{"api":"NODE SERVER","label":"Uygulama V1","level":"\u001b[32minfo\u001b[39m","message":"MongoDb bağlantısı başarılı","timestamp":"2023-09-29T18:51:20.857Z"}
{"api":"NODE SERVER","label":"Uygulama V1","level":"\u001b[32minfo\u001b[39m","message":"IP Adresi: ::1 - PATH: /api/v1/zodiac/getDaily/oglak - BODY: {} - PARAMS: {} - MIDDLEWARE ACCESS TIME: 1696013481787 - URL: /api/v1/zodiac/getDaily/oglak","timestamp":"2023-09-29T18:51:21.787Z"}
{"api":"NODE SERVER","label":"Uygulama V1","level":"\u001b[32minfo\u001b[39m","message":"IP Adresi: ::1 - PATH: /api/v1/zodiac/getDaily/oglak - BODY: {} - PARAMS: {} - MIDDLEWARE ACCESS TIME: 1696013482772 - URL: /api/v1/zodiac/getDaily/oglak","timestamp":"2023-09-29T18:51:22.772Z"}
{"api":"NODE SERVER","label":"Uygulama V1","level":"\u001b[32minfo\u001b[39m","message":"MongoDb bağlantısı başarılı","timestamp":"2023-09-29T18:51:30.094Z"}
{"api":"NODE SERVER","label":"Uygulama V1","level":"\u001b[32minfo\u001b[39m","message":"IP Adresi: ::1 - PATH: /api/v1/zodiac/getDaily/oglak - BODY: {} - PARAMS: {} - MIDDLEWARE ACCESS TIME: 1696013490250 - URL: /api/v1/zodiac/getDaily/oglak","timestamp":"2023-09-29T18:51:30.250Z"}
{"api":"NODE SERVER","label":"Uygulama V1","level":"\u001b[32minfo\u001b[39m","message":"IP Adresi: ::1 - PATH: /api/v1/zodiac/getDaily/oglak - BODY: {} - PARAMS: {} - MIDDLEWARE ACCESS TIME: 1696013493746 - URL: /api/v1/zodiac/getDaily/oglak","timestamp":"2023-09-29T18:51:33.746Z"}
{"api":"NODE SERVER","label":"Uygulama V1","level":"\u001b[32minfo\u001b[39m","message":"IP Adresi: ::1 - PATH: /api/v1/zodiac/getDaily/oglak - BODY: {} - PARAMS: {} - MIDDLEWARE ACCESS TIME: 1696013494421 - URL: /api/v1/zodiac/getDaily/oglak","timestamp":"2023-09-29T18:51:34.421Z"}
{"api":"NODE SERVER","label":"Uygulama V1","level":"\u001b[32minfo\u001b[39m","message":"MongoDb bağlantısı başarılı","timestamp":"2023-09-29T18:52:35.522Z"}
{"api":"NODE SERVER","label":"Uygulama V1","level":"\u001b[32minfo\u001b[39m","message":"IP Adresi: ::1 - PATH: /api/v1/zodiac/getDaily/oglak - BODY: {} - PARAMS: {} - MIDDLEWARE ACCESS TIME: 1696014577033 - URL: /api/v1/zodiac/getDaily/oglak","timestamp":"2023-09-29T19:09:37.033Z"}
{"api":"NODE SERVER","label":"Uygulama V1","level":"\u001b[32minfo\u001b[39m","message":"MongoDb bağlantısı başarılı","timestamp":"2023-09-29T19:09:54.723Z"}
{"api":"NODE SERVER","label":"Uygulama V1","level":"\u001b[32minfo\u001b[39m","message":"IP Adresi: ::1 - PATH: /api/v1/zodiac/getDaily/oglak - BODY: {} - PARAMS: {} - MIDDLEWARE ACCESS TIME: 1696014594754 - URL: /api/v1/zodiac/getDaily/oglak","timestamp":"2023-09-29T19:09:54.754Z"}
{"api":"NODE SERVER","label":"Uygulama V1","level":"\u001b[32minfo\u001b[39m","message":"MongoDb bağlantısı başarılı","timestamp":"2023-09-29T19:10:05.033Z"}
{"api":"NODE SERVER","label":"Uygulama V1","level":"\u001b[32minfo\u001b[39m","message":"MongoDb bağlantısı başarılı","timestamp":"2023-09-29T19:12:21.570Z"}
{"api":"NODE SERVER","label":"Uygulama V1","level":"\u001b[32minfo\u001b[39m","message":"IP Adresi: ::1 - PATH: /api/v1/zodiac/getMonthly/oglak - BODY: {} - PARAMS: {} - MIDDLEWARE ACCESS TIME: 1696014770707 - URL: /api/v1/zodiac/getMonthly/oglak","timestamp":"2023-09-29T19:12:50.707Z"}
{"api":"NODE SERVER","label":"Uygulama V1","level":"\u001b[32minfo\u001b[39m","message":"IP Adresi: ::1 - PATH: /api/v1/zodiac/getWeekly/oglak - BODY: {} - PARAMS: {} - MIDDLEWARE ACCESS TIME: 1696014788885 - URL: /api/v1/zodiac/getWeekly/oglak","timestamp":"2023-09-29T19:13:08.885Z"}
{"api":"NODE SERVER","label":"Uygulama V1","level":"\u001b[32minfo\u001b[39m","message":"IP Adresi: ::1 - PATH: /api/v1/zodiac/createZodiac - BODY: {\"title\":\"balik\",\"daily\":\"deneme\",\"weekly\":\"deneme\",\"monthly\":\"deneme\"} - PARAMS: {} - MIDDLEWARE ACCESS TIME: 1696014925210 - URL: /api/v1/zodiac/createZodiac","timestamp":"2023-09-29T19:15:25.210Z"}
{"api":"NODE SERVER","label":"Uygulama V1","level":"\u001b[32minfo\u001b[39m","message":"IP Adresi: ::1 - PATH: /api/v1/zodiac/getById/6517224dd75304ace822c3c7 - BODY: {} - PARAMS: {} - MIDDLEWARE ACCESS TIME: 1696014964608 - URL: /api/v1/zodiac/getById/6517224dd75304ace822c3c7","timestamp":"2023-09-29T19:16:04.608Z"}
{"api":"NODE SERVER","label":"Uygulama V1","level":"\u001b[32minfo\u001b[39m","message":"IP Adresi: ::1 - PATH: /api/v1/zodiac/getZodiacByTitle/balik - BODY: {} - PARAMS: {} - MIDDLEWARE ACCESS TIME: 1696015001390 - URL: /api/v1/zodiac/getZodiacByTitle/balik","timestamp":"2023-09-29T19:16:41.390Z"}
{"api":"NODE SERVER","label":"Uygulama V1","level":"\u001b[32minfo\u001b[39m","message":"IP Adresi: ::1 - PATH: /api/v1/zodiac/updateZodiacById/6517224dd75304ace822c3c7 - BODY: {\"daily\":\"değişti\",\"weekly\":\"değişti\"} - PARAMS: {} - MIDDLEWARE ACCESS TIME: 1696015066314 - URL: /api/v1/zodiac/updateZodiacById/6517224dd75304ace822c3c7","timestamp":"2023-09-29T19:17:46.315Z"}
{"api":"NODE SERVER","label":"Uygulama V1","level":"\u001b[32minfo\u001b[39m","message":"MongoDb bağlantısı başarılı","timestamp":"2023-09-29T19:18:52.095Z"}
{"api":"NODE SERVER","label":"Uygulama V1","level":"\u001b[32minfo\u001b[39m","message":"MongoDb bağlantısı başarılı","timestamp":"2023-09-29T19:22:43.640Z"}
{"api":"NODE SERVER","label":"Uygulama V1","level":"\u001b[32minfo\u001b[39m","message":"MongoDb bağlantısı başarılı","timestamp":"2023-09-29T19:22:55.606Z"}
{"api":"NODE SERVER","label":"Uygulama V1","level":"\u001b[32minfo\u001b[39m","message":"MongoDb bağlantısı başarılı","timestamp":"2023-09-29T19:23:39.300Z"}
{"api":"NODE SERVER","label":"Uygulama V1","level":"\u001b[32minfo\u001b[39m","message":"MongoDb bağlantısı başarılı","timestamp":"2023-09-29T19:23:58.824Z"}
{"api":"NODE SERVER","label":"Uygulama V1","level":"\u001b[32minfo\u001b[39m","message":"MongoDb bağlantısı başarılı","timestamp":"2023-09-29T19:24:35.370Z"}
{"api":"NODE SERVER","label":"Uygulama V1","level":"\u001b[32minfo\u001b[39m","message":"MongoDb bağlantısı başarılı","timestamp":"2023-09-29T19:27:46.431Z"}
{"api":"NODE SERVER","label":"Uygulama V1","level":"\u001b[32minfo\u001b[39m","message":"MongoDb bağlantısı başarılı","timestamp":"2023-09-29T19:30:28.151Z"}
{"api":"NODE SERVER","label":"Uygulama V1","level":"\u001b[32minfo\u001b[39m","message":"MongoDb bağlantısı başarılı","timestamp":"2023-09-29T19:30:30.973Z"}
{"api":"NODE SERVER","label":"Uygulama V1","level":"\u001b[32minfo\u001b[39m","message":"MongoDb bağlantısı başarılı","timestamp":"2023-09-29T19:31:10.452Z"}
{"api":"NODE SERVER","label":"Uygulama V1","level":"\u001b[32minfo\u001b[39m","message":"MongoDb bağlantısı başarılı","timestamp":"2023-09-29T19:32:47.657Z"}
{"api":"NODE SERVER","label":"Uygulama V1","level":"\u001b[32minfo\u001b[39m","message":"MongoDb bağlantısı başarılı","timestamp":"2023-09-29T19:32:58.026Z"}
{"api":"NODE SERVER","label":"Uygulama V1","level":"\u001b[32minfo\u001b[39m","message":"MongoDb bağlantısı başarılı","timestamp":"2023-09-29T19:34:19.650Z"}
{"api":"NODE SERVER","label":"Uygulama V1","level":"\u001b[32minfo\u001b[39m","message":"MongoDb bağlantısı başarılı","timestamp":"2023-09-29T19:34:30.017Z"}
{"api":"NODE SERVER","label":"Uygulama V1","level":"\u001b[32minfo\u001b[39m","message":"MongoDb bağlantısı başarılı","timestamp":"2023-09-29T19:34:37.919Z"}
{"api":"NODE SERVER","label":"Uygulama V1","level":"\u001b[32minfo\u001b[39m","message":"MongoDb bağlantısı başarılı","timestamp":"2023-09-29T19:35:27.326Z"}
{"api":"NODE SERVER","label":"Uygulama V1","level":"\u001b[32minfo\u001b[39m","message":"MongoDb bağlantısı başarılı","timestamp":"2023-09-29T19:35:41.100Z"}
{"api":"NODE SERVER","label":"Uygulama V1","level":"\u001b[32minfo\u001b[39m","message":"MongoDb bağlantısı başarılı","timestamp":"2023-09-29T19:35:54.404Z"}
{"api":"NODE SERVER","label":"Uygulama V1","level":"\u001b[32minfo\u001b[39m","message":"MongoDb bağlantısı başarılı","timestamp":"2023-09-29T19:36:15.496Z"}
{"api":"NODE SERVER","label":"Uygulama V1","level":"\u001b[32minfo\u001b[39m","message":"IP Adresi: ::1 - PATH: /api/v1/blog/postBlog - BODY: {\"title\":\"Merkür Sizi Üzebilir\",\"text\":\"Buna inanman bile acınası\"} - PARAMS: {} - MIDDLEWARE ACCESS TIME: 1696016223584 - URL: /api/v1/blog/postBlog","timestamp":"2023-09-29T19:37:03.584Z"}
{"api":"NODE SERVER","label":"Uygulama V1","level":"\u001b[32minfo\u001b[39m","message":"IP Adresi: ::1 - PATH: /api/v1/blog/listAll - BODY: {} - PARAMS: {} - MIDDLEWARE ACCESS TIME: 1696016244880 - URL: /api/v1/blog/listAll","timestamp":"2023-09-29T19:37:24.880Z"}
{"api":"NODE SERVER","label":"Uygulama V1","level":"\u001b[32minfo\u001b[39m","message":"IP Adresi: ::1 - PATH: /api/v1/blog/getBlogById/6517275f89fe15099b552cd9 - BODY: {} - PARAMS: {} - MIDDLEWARE ACCESS TIME: 1696016281322 - URL: /api/v1/blog/getBlogById/6517275f89fe15099b552cd9","timestamp":"2023-09-29T19:38:01.322Z"}
{"api":"NODE SERVER","label":"Uygulama V1","level":"\u001b[32minfo\u001b[39m","message":"MongoDb bağlantısı başarılı","timestamp":"2023-09-29T19:40:45.360Z"}
{"api":"NODE SERVER","label":"Uygulama V1","level":"\u001b[32minfo\u001b[39m","message":"MongoDb bağlantısı başarılı","timestamp":"2023-09-29T19:42:32.024Z"}
{"api":"NODE SERVER","label":"Uygulama V1","level":"\u001b[32minfo\u001b[39m","message":"MongoDb bağlantısı başarılı","timestamp":"2023-09-29T19:42:50.981Z"}
{"api":"NODE SERVER","label":"Uygulama V1","level":"\u001b[32minfo\u001b[39m","message":"IP Adresi: ::1 - PATH: /api/v1/coffee/uploadCoffee/64f75b6b3335c67182b87169 - BODY: {} - PARAMS: {} - MIDDLEWARE ACCESS TIME: 1696016641407 - URL: /api/v1/coffee/uploadCoffee/64f75b6b3335c67182b87169","timestamp":"2023-09-29T19:44:01.407Z"}
{"api":"NODE SERVER","label":"Uygulama V1","level":"\u001b[32minfo\u001b[39m","message":"IP Adresi: ::1 - PATH: /api/v1/coffee/uploadCoffee/64f75b6b3335c67182b87169 - BODY: {} - PARAMS: {} - MIDDLEWARE ACCESS TIME: 1696016644562 - URL: /api/v1/coffee/uploadCoffee/64f75b6b3335c67182b87169","timestamp":"2023-09-29T19:44:04.562Z"}
{"api":"NODE SERVER","label":"Uygulama V1","level":"\u001b[32minfo\u001b[39m","message":"IP Adresi: ::1 - PATH: /api/v1/coffee/getContinueCoffee/64f75b6b3335c67182b87169 - BODY: {} - PARAMS: {} - MIDDLEWARE ACCESS TIME: 1696016683487 - URL: /api/v1/coffee/getContinueCoffee/64f75b6b3335c67182b87169","timestamp":"2023-09-29T19:44:43.487Z"}
{"api":"NODE SERVER","label":"Uygulama V1","level":"\u001b[32minfo\u001b[39m","message":"IP Adresi: ::1 - PATH: /api/v1/coffee/getFinishedCoffee/64f75b6b3335c67182b87169 - BODY: {} - PARAMS: {} - MIDDLEWARE ACCESS TIME: 1696016710006 - URL: /api/v1/coffee/getFinishedCoffee/64f75b6b3335c67182b87169","timestamp":"2023-09-29T19:45:10.006Z"}
{"api":"NODE SERVER","label":"Uygulama V1","level":"\u001b[32minfo\u001b[39m","message":"IP Adresi: ::1 - PATH: /api/v1/coffee/getCanceledCoffee/64f75b6b3335c67182b87169 - BODY: {} - PARAMS: {} - MIDDLEWARE ACCESS TIME: 1696016737443 - URL: /api/v1/coffee/getCanceledCoffee/64f75b6b3335c67182b87169","timestamp":"2023-09-29T19:45:37.443Z"}
{"api":"NODE SERVER","label":"Uygulama V1","level":"\u001b[32minfo\u001b[39m","message":"IP Adresi: ::1 - PATH: /api/v1/coffee/updateCoffeeById/65172904c56dde807dbf82e6 - BODY: {\"status\":\"iptal\"} - PARAMS: {} - MIDDLEWARE ACCESS TIME: 1696016791128 - URL: /api/v1/coffee/updateCoffeeById/65172904c56dde807dbf82e6","timestamp":"2023-09-29T19:46:31.129Z"}
{"api":"NODE SERVER","label":"Uygulama V1","level":"\u001b[32minfo\u001b[39m","message":"IP Adresi: ::1 - PATH: /api/v1/coffee/getCanceledCoffee/64f75b6b3335c67182b87169 - BODY: {} - PARAMS: {} - MIDDLEWARE ACCESS TIME: 1696016802928 - URL: /api/v1/coffee/getCanceledCoffee/64f75b6b3335c67182b87169","timestamp":"2023-09-29T19:46:42.928Z"}
{"api":"NODE SERVER","label":"Uygulama V1","level":"\u001b[32minfo\u001b[39m","message":"MongoDb bağlantısı başarılı","timestamp":"2023-09-29T19:47:16.723Z"}
{"api":"NODE SERVER","label":"Uygulama V1","level":"\u001b[32minfo\u001b[39m","message":"IP Adresi: ::1 - PATH: /api/v1/coffee/updateCoffeeById/65172904c56dde807dbf82e6 - BODY: {\"status\":\"İptal\"} - PARAMS: {} - MIDDLEWARE ACCESS TIME: 1696016846254 - URL: /api/v1/coffee/updateCoffeeById/65172904c56dde807dbf82e6","timestamp":"2023-09-29T19:47:26.254Z"}
{"api":"NODE SERVER","label":"Uygulama V1","level":"\u001b[32minfo\u001b[39m","message":"IP Adresi: ::1 - PATH: /api/v1/coffee/getCanceledCoffee/64f75b6b3335c67182b87169 - BODY: {} - PARAMS: {} - MIDDLEWARE ACCESS TIME: 1696016853830 - URL: /api/v1/coffee/getCanceledCoffee/64f75b6b3335c67182b87169","timestamp":"2023-09-29T19:47:33.830Z"}
{"api":"NODE SERVER","label":"Uygulama V1","level":"\u001b[32minfo\u001b[39m","message":"IP Adresi: ::1 - PATH: /api/v1/coffee/listAll - BODY: {} - PARAMS: {} - MIDDLEWARE ACCESS TIME: 1696016872039 - URL: /api/v1/coffee/listAll","timestamp":"2023-09-29T19:47:52.039Z"}
