{"api":"NODE SERVER","label":"Uygulama V1","level":"\u001b[32minfo\u001b[39m","message":"MongoDb bağlantısı başarılı","timestamp":"2023-09-26T16:45:28.790Z"}
{"api":"NODE SERVER","label":"Uygulama V1","level":"\u001b[32minfo\u001b[39m","message":"IP Adresi: ::1 - PATH: /api/v1/coffee/uploadCoffee/64f75b6b3335c67182b87169 - BODY: {} - PARAMS: {} - MIDDLEWARE ACCESS TIME: 1695746804762 - URL: /api/v1/coffee/uploadCoffee/64f75b6b3335c67182b87169","timestamp":"2023-09-26T16:46:44.763Z"}
{"api":"NODE SERVER","label":"Uygulama V1","level":"\u001b[32minfo\u001b[39m","message":"MongoDb bağlantısı başarılı","timestamp":"2023-09-26T16:48:17.677Z"}
{"api":"NODE SERVER","label":"Uygulama V1","level":"\u001b[32minfo\u001b[39m","message":"IP Adresi: ::1 - PATH: /api/v1/coffee/uploadCoffee/64f75b6b3335c67182b87169 - BODY: {} - PARAMS: {} - MIDDLEWARE ACCESS TIME: 1695746899559 - URL: /api/v1/coffee/uploadCoffee/64f75b6b3335c67182b87169","timestamp":"2023-09-26T16:48:19.559Z"}
{"api":"NODE SERVER","label":"Uygulama V1","level":"\u001b[32minfo\u001b[39m","message":"MongoDb bağlantısı başarılı","timestamp":"2023-09-26T16:48:30.171Z"}
{"api":"NODE SERVER","label":"Uygulama V1","level":"\u001b[32minfo\u001b[39m","message":"MongoDb bağlantısı başarılı","timestamp":"2023-09-26T16:48:59.668Z"}
{"api":"NODE SERVER","label":"Uygulama V1","level":"\u001b[32minfo\u001b[39m","message":"IP Adresi: ::1 - PATH: /api/v1/coffee/uploadCoffee/64f75b6b3335c67182b87169 - BODY: {} - PARAMS: {} - MIDDLEWARE ACCESS TIME: 1695746941660 - URL: /api/v1/coffee/uploadCoffee/64f75b6b3335c67182b87169","timestamp":"2023-09-26T16:49:01.660Z"}
{"api":"NODE SERVER","label":"Uygulama V1","level":"\u001b[32minfo\u001b[39m","message":"MongoDb bağlantısı başarılı","timestamp":"2023-09-26T16:49:38.291Z"}
{"api":"NODE SERVER","label":"Uygulama V1","level":"\u001b[32minfo\u001b[39m","message":"IP Adresi: ::1 - PATH: /api/v1/coffee/uploadCoffee/64f75b6b3335c67182b87169 - BODY: {} - PARAMS: {} - MIDDLEWARE ACCESS TIME: 1695746980282 - URL: /api/v1/coffee/uploadCoffee/64f75b6b3335c67182b87169","timestamp":"2023-09-26T16:49:40.282Z"}
{"api":"NODE SERVER","label":"Uygulama V1","level":"\u001b[32minfo\u001b[39m","message":"MongoDb bağlantısı başarılı","timestamp":"2023-09-26T17:08:41.902Z"}
{"api":"NODE SERVER","label":"Uygulama V1","level":"\u001b[32minfo\u001b[39m","message":"MongoDb bağlantısı başarılı","timestamp":"2023-09-26T17:16:03.170Z"}
{"api":"NODE SERVER","label":"Uygulama V1","level":"\u001b[32minfo\u001b[39m","message":"MongoDb bağlantısı başarılı","timestamp":"2023-09-26T17:17:22.689Z"}
{"api":"NODE SERVER","label":"Uygulama V1","level":"\u001b[32minfo\u001b[39m","message":"MongoDb bağlantısı başarılı","timestamp":"2023-09-26T17:20:25.164Z"}
{"api":"NODE SERVER","label":"Uygulama V1","level":"\u001b[32minfo\u001b[39m","message":"MongoDb bağlantısı başarılı","timestamp":"2023-09-26T17:22:06.291Z"}
{"api":"NODE SERVER","label":"Uygulama V1","level":"\u001b[32minfo\u001b[39m","message":"MongoDb bağlantısı başarılı","timestamp":"2023-09-26T17:22:43.997Z"}
{"api":"NODE SERVER","label":"Uygulama V1","level":"\u001b[32minfo\u001b[39m","message":"IP Adresi: ::1 - PATH: /api/v1/coffee/updateCoffeeById/65130ba4220159a94f100f69 - BODY: {\"status\":\"Bitti\",\"result\":\"Kelebeğin kahve falında görülmesi, baktıran kişinin birine aşık olduğuna işaret eder. Bekar bir kişi gördüyse hoşlandığı kişiden karşılık bulacağı anlamına gelir. Karşılıklı bir aşkın başlamasına az bir zaman kaldığını söyler. Ancak evli bir kişi bu rüyayı gördüyse yakın zamanda bir sürpriz ile karşılaşacağına yorulur. Çiftin ilişkisinin yeniden canlanacağı ve daha iyi bir hale geleceği söylenir.\"} - PARAMS: {} - MIDDLEWARE ACCESS TIME: 1695749056788 - URL: /api/v1/coffee/updateCoffeeById/65130ba4220159a94f100f69","timestamp":"2023-09-26T17:24:16.788Z"}
{"api":"NODE SERVER","label":"Uygulama V1","level":"\u001b[32minfo\u001b[39m","message":"IP Adresi: ::1 - PATH: /api/v1/coffee/getCanceledCoffee/64f75b6b3335c67182b87169 - BODY: {} - PARAMS: {} - MIDDLEWARE ACCESS TIME: 1695749097985 - URL: /api/v1/coffee/getCanceledCoffee/64f75b6b3335c67182b87169","timestamp":"2023-09-26T17:24:57.985Z"}
{"api":"NODE SERVER","label":"Uygulama V1","level":"\u001b[32minfo\u001b[39m","message":"IP Adresi: ::1 - PATH: /api/v1/coffee/updateCoffeeById/65130ba4220159a94f100f69 - BODY: {\"status\":\"İptal\"} - PARAMS: {} - MIDDLEWARE ACCESS TIME: 1695749126284 - URL: /api/v1/coffee/updateCoffeeById/65130ba4220159a94f100f69","timestamp":"2023-09-26T17:25:26.284Z"}
{"api":"NODE SERVER","label":"Uygulama V1","level":"\u001b[32minfo\u001b[39m","message":"IP Adresi: ::1 - PATH: /api/v1/coffee/getCanceledCoffee/64f75b6b3335c67182b87169 - BODY: {} - PARAMS: {} - MIDDLEWARE ACCESS TIME: 1695749138455 - URL: /api/v1/coffee/getCanceledCoffee/64f75b6b3335c67182b87169","timestamp":"2023-09-26T17:25:38.455Z"}
{"api":"NODE SERVER","label":"Uygulama V1","level":"\u001b[32minfo\u001b[39m","message":"IP Adresi: ::1 - PATH: /api/v1/coffee/getCoffeeByUser/64f75b6b3335c67182b87169 - BODY: {} - PARAMS: {} - MIDDLEWARE ACCESS TIME: 1695749154041 - URL: /api/v1/coffee/getCoffeeByUser/64f75b6b3335c67182b87169","timestamp":"2023-09-26T17:25:54.041Z"}
{"api":"NODE SERVER","label":"Uygulama V1","level":"\u001b[32minfo\u001b[39m","message":"IP Adresi: ::1 - PATH: /api/v1/coffee/getCanceledCoffee/64f75b6b3335c67182b87169 - BODY: {} - PARAMS: {} - MIDDLEWARE ACCESS TIME: 1695749176968 - URL: /api/v1/coffee/getCanceledCoffee/64f75b6b3335c67182b87169","timestamp":"2023-09-26T17:26:16.968Z"}
{"api":"NODE SERVER","label":"Uygulama V1","level":"\u001b[32minfo\u001b[39m","message":"IP Adresi: ::1 - PATH: /api/v1/coffee/getContinueCoffee/64f75b6b3335c67182b87169 - BODY: {} - PARAMS: {} - MIDDLEWARE ACCESS TIME: 1695749184683 - URL: /api/v1/coffee/getContinueCoffee/64f75b6b3335c67182b87169","timestamp":"2023-09-26T17:26:24.683Z"}
{"api":"NODE SERVER","label":"Uygulama V1","level":"\u001b[32minfo\u001b[39m","message":"IP Adresi: ::1 - PATH: /api/v1/coffee/getContinueCoffee/64f75b6b3335c67182b87169 - BODY: {} - PARAMS: {} - MIDDLEWARE ACCESS TIME: 1695749188853 - URL: /api/v1/coffee/getContinueCoffee/64f75b6b3335c67182b87169","timestamp":"2023-09-26T17:26:28.854Z"}
{"api":"NODE SERVER","label":"Uygulama V1","level":"\u001b[32minfo\u001b[39m","message":"IP Adresi: ::1 - PATH: /api/v1/coffee/getFinishedCoffee/64f75b6b3335c67182b87169 - BODY: {} - PARAMS: {} - MIDDLEWARE ACCESS TIME: 1695749192886 - URL: /api/v1/coffee/getFinishedCoffee/64f75b6b3335c67182b87169","timestamp":"2023-09-26T17:26:32.887Z"}
{"api":"NODE SERVER","label":"Uygulama V1","level":"\u001b[32minfo\u001b[39m","message":"IP Adresi: ::1 - PATH: /api/v1/coffee/updateCoffeeById/65130ba4220159a94f100f69 - BODY: {\"status\":\"Bitti\",\"result\":\"Kelebeğin kahve falında görülmesi, baktıran kişinin birine aşık olduğuna işaret eder. Bekar bir kişi gördüyse hoşlandığı kişiden karşılık bulacağı anlamına gelir. Karşılıklı bir aşkın başlamasına az bir zaman kaldığını söyler. Ancak evli bir kişi bu rüyayı gördüyse yakın zamanda bir sürpriz ile karşılaşacağına yorulur. Çiftin ilişkisinin yeniden canlanacağı ve daha iyi bir hale geleceği söylenir.\"} - PARAMS: {} - MIDDLEWARE ACCESS TIME: 1695749203245 - URL: /api/v1/coffee/updateCoffeeById/65130ba4220159a94f100f69","timestamp":"2023-09-26T17:26:43.245Z"}
{"api":"NODE SERVER","label":"Uygulama V1","level":"\u001b[32minfo\u001b[39m","message":"IP Adresi: ::1 - PATH: /api/v1/coffee/getFinishedCoffee/64f75b6b3335c67182b87169 - BODY: {} - PARAMS: {} - MIDDLEWARE ACCESS TIME: 1695749207846 - URL: /api/v1/coffee/getFinishedCoffee/64f75b6b3335c67182b87169","timestamp":"2023-09-26T17:26:47.846Z"}
{"api":"NODE SERVER","label":"Uygulama V1","level":"\u001b[32minfo\u001b[39m","message":"MongoDb bağlantısı başarılı","timestamp":"2023-09-26T17:31:37.549Z"}
{"api":"NODE SERVER","label":"Uygulama V1","level":"\u001b[32minfo\u001b[39m","message":"MongoDb bağlantısı başarılı","timestamp":"2023-09-26T17:40:28.343Z"}
{"api":"NODE SERVER","label":"Uygulama V1","level":"\u001b[32minfo\u001b[39m","message":"MongoDb bağlantısı başarılı","timestamp":"2023-09-26T17:41:17.082Z"}
{"api":"NODE SERVER","label":"Uygulama V1","level":"\u001b[32minfo\u001b[39m","message":"MongoDb bağlantısı başarılı","timestamp":"2023-09-26T17:43:57.141Z"}
{"api":"NODE SERVER","label":"Uygulama V1","level":"\u001b[32minfo\u001b[39m","message":"MongoDb bağlantısı başarılı","timestamp":"2023-09-26T17:44:15.971Z"}
{"api":"NODE SERVER","label":"Uygulama V1","level":"\u001b[32minfo\u001b[39m","message":"MongoDb bağlantısı başarılı","timestamp":"2023-09-26T17:46:08.503Z"}
{"api":"NODE SERVER","label":"Uygulama V1","level":"\u001b[32minfo\u001b[39m","message":"MongoDb bağlantısı başarılı","timestamp":"2023-09-26T17:46:20.540Z"}
{"api":"NODE SERVER","label":"Uygulama V1","level":"\u001b[32minfo\u001b[39m","message":"IP Adresi: ::1 - PATH: /api/v1/coffee/uploadCoffee/64f75b6b3335c67182b87169 - BODY: {} - PARAMS: {} - MIDDLEWARE ACCESS TIME: 1695750401086 - URL: /api/v1/coffee/uploadCoffee/64f75b6b3335c67182b87169","timestamp":"2023-09-26T17:46:41.087Z"}
{"api":"NODE SERVER","label":"Uygulama V1","level":"\u001b[32minfo\u001b[39m","message":"IP Adresi: ::1 - PATH: /api/v1/coffee/uploadCoffee/64f75b6b3335c67182b87169 - BODY: {} - PARAMS: {} - MIDDLEWARE ACCESS TIME: 1695750409942 - URL: /api/v1/coffee/uploadCoffee/64f75b6b3335c67182b87169","timestamp":"2023-09-26T17:46:49.942Z"}
{"api":"NODE SERVER","label":"Uygulama V1","level":"\u001b[32minfo\u001b[39m","message":"IP Adresi: ::1 - PATH: /api/v1/coffee/updateCoffeeById/65130ba4220159a94f100f69 - BODY: {\"status\":\"Bitti\",\"result\":\"Kelebeğin kahve falında görülmesi, baktıran kişinin birine aşık olduğuna işaret eder. Bekar bir kişi gördüyse hoşlandığı kişiden karşılık bulacağı anlamına gelir. Karşılıklı bir aşkın başlamasına az bir zaman kaldığını söyler. Ancak evli bir kişi bu rüyayı gördüyse yakın zamanda bir sürpriz ile karşılaşacağına yorulur. Çiftin ilişkisinin yeniden canlanacağı ve daha iyi bir hale geleceği söylenir.\"} - PARAMS: {} - MIDDLEWARE ACCESS TIME: 1695750415701 - URL: /api/v1/coffee/updateCoffeeById/65130ba4220159a94f100f69","timestamp":"2023-09-26T17:46:55.701Z"}
{"api":"NODE SERVER","label":"Uygulama V1","level":"\u001b[32minfo\u001b[39m","message":"IP Adresi: ::1 - PATH: /api/v1/coffee/getFinishedCoffee/64f75b6b3335c67182b87169 - BODY: {} - PARAMS: {} - MIDDLEWARE ACCESS TIME: 1695750419739 - URL: /api/v1/coffee/getFinishedCoffee/64f75b6b3335c67182b87169","timestamp":"2023-09-26T17:46:59.739Z"}
{"api":"NODE SERVER","label":"Uygulama V1","level":"\u001b[32minfo\u001b[39m","message":"IP Adresi: ::1 - PATH: /api/v1/user/login - BODY: {\"email\":\"batu@mail.com\",\"password\":\"1234\"} - PARAMS: {} - MIDDLEWARE ACCESS TIME: 1695750476582 - URL: /api/v1/user/login","timestamp":"2023-09-26T17:47:56.582Z"}
{"api":"NODE SERVER","label":"Uygulama V1","level":"\u001b[32minfo\u001b[39m","message":"IP Adresi: ::1 - PATH: /api/v1/user/login - BODY: {\"email\":\"batu@mail.com\",\"password\":\"4321\"} - PARAMS: {} - MIDDLEWARE ACCESS TIME: 1695750481071 - URL: /api/v1/user/login","timestamp":"2023-09-26T17:48:01.072Z"}
{"api":"NODE SERVER","label":"Uygulama V1","level":"\u001b[32minfo\u001b[39m","message":"IP Adresi: ::1 - PATH: /api/v1/coffee/uploadCoffee/64f75b6b3335c67182b87169 - BODY: {} - PARAMS: {} - MIDDLEWARE ACCESS TIME: 1695750492248 - URL: /api/v1/coffee/uploadCoffee/64f75b6b3335c67182b87169","timestamp":"2023-09-26T17:48:12.248Z"}
{"api":"NODE SERVER","label":"Uygulama V1","level":"\u001b[32minfo\u001b[39m","message":"IP Adresi: ::1 - PATH: /api/v1/coffee/uploadCoffee/64f75b6b3335c67182b87169 - BODY: {} - PARAMS: {} - MIDDLEWARE ACCESS TIME: 1695750495464 - URL: /api/v1/coffee/uploadCoffee/64f75b6b3335c67182b87169","timestamp":"2023-09-26T17:48:15.465Z"}
{"api":"NODE SERVER","label":"Uygulama V1","level":"\u001b[32minfo\u001b[39m","message":"IP Adresi: ::1 - PATH: /api/v1/coffee/uploadCoffee/64f75b6b3335c67182b87169 - BODY: {} - PARAMS: {} - MIDDLEWARE ACCESS TIME: 1695750495959 - URL: /api/v1/coffee/uploadCoffee/64f75b6b3335c67182b87169","timestamp":"2023-09-26T17:48:15.959Z"}
{"api":"NODE SERVER","label":"Uygulama V1","level":"\u001b[32minfo\u001b[39m","message":"IP Adresi: ::1 - PATH: /api/v1/coffee/uploadCoffee/64f75b6b3335c67182b87169 - BODY: {} - PARAMS: {} - MIDDLEWARE ACCESS TIME: 1695750496851 - URL: /api/v1/coffee/uploadCoffee/64f75b6b3335c67182b87169","timestamp":"2023-09-26T17:48:16.851Z"}
{"api":"NODE SERVER","label":"Uygulama V1","level":"\u001b[32minfo\u001b[39m","message":"IP Adresi: ::1 - PATH: /api/v1/coffee/uploadCoffee/64f75b6b3335c67182b87169 - BODY: {} - PARAMS: {} - MIDDLEWARE ACCESS TIME: 1695750497573 - URL: /api/v1/coffee/uploadCoffee/64f75b6b3335c67182b87169","timestamp":"2023-09-26T17:48:17.573Z"}
{"api":"NODE SERVER","label":"Uygulama V1","level":"\u001b[32minfo\u001b[39m","message":"IP Adresi: ::1 - PATH: /api/v1/coffee/uploadCoffee/64f75b6b3335c67182b87169 - BODY: {} - PARAMS: {} - MIDDLEWARE ACCESS TIME: 1695750515692 - URL: /api/v1/coffee/uploadCoffee/64f75b6b3335c67182b87169","timestamp":"2023-09-26T17:48:35.692Z"}
{"api":"NODE SERVER","label":"Uygulama V1","level":"\u001b[32minfo\u001b[39m","message":"IP Adresi: ::1 - PATH: /api/v1/coffee/getFinishedCoffee/64f75b6b3335c67182b87169 - BODY: {} - PARAMS: {} - MIDDLEWARE ACCESS TIME: 1695750520795 - URL: /api/v1/coffee/getFinishedCoffee/64f75b6b3335c67182b87169","timestamp":"2023-09-26T17:48:40.795Z"}
{"api":"NODE SERVER","label":"Uygulama V1","level":"\u001b[32minfo\u001b[39m","message":"IP Adresi: ::1 - PATH: /api/v1/coffee/getFinishedCoffee/64f75b6b3335c67182b87169 - BODY: {} - PARAMS: {} - MIDDLEWARE ACCESS TIME: 1695750521337 - URL: /api/v1/coffee/getFinishedCoffee/64f75b6b3335c67182b87169","timestamp":"2023-09-26T17:48:41.337Z"}
{"api":"NODE SERVER","label":"Uygulama V1","level":"\u001b[32minfo\u001b[39m","message":"IP Adresi: ::1 - PATH: /api/v1/coffee/getFinishedCoffee/64f75b6b3335c67182b87169 - BODY: {} - PARAMS: {} - MIDDLEWARE ACCESS TIME: 1695750526402 - URL: /api/v1/coffee/getFinishedCoffee/64f75b6b3335c67182b87169","timestamp":"2023-09-26T17:48:46.402Z"}
{"api":"NODE SERVER","label":"Uygulama V1","level":"\u001b[32minfo\u001b[39m","message":"MongoDb bağlantısı başarılı","timestamp":"2023-09-26T17:50:39.542Z"}
{"api":"NODE SERVER","label":"Uygulama V1","level":"\u001b[32minfo\u001b[39m","message":"IP Adresi: ::1 - PATH: /api/v1/user/createUser - BODY: {\"email\":\"batu@mail.com\",\"password\":\"4321\",\"birthDate\":\"2000-05-01\",\"name\":\"kjsbfksf\",\"surname\":\"lsbfkjsbf\"} - PARAMS: {} - MIDDLEWARE ACCESS TIME: 1695750641806 - URL: /api/v1/user/createUser","timestamp":"2023-09-26T17:50:41.806Z"}
{"api":"NODE SERVER","label":"Uygulama V1","level":"\u001b[32minfo\u001b[39m","message":"MongoDb bağlantısı başarılı","timestamp":"2023-09-26T17:51:40.266Z"}
{"api":"NODE SERVER","label":"Uygulama V1","level":"\u001b[32minfo\u001b[39m","message":"IP Adresi: ::1 - PATH: /api/v1/user/login - BODY: {\"email\":\"batu@mail.com\",\"password\":\"4321\"} - PARAMS: {} - MIDDLEWARE ACCESS TIME: 1695750894284 - URL: /api/v1/user/login","timestamp":"2023-09-26T17:54:54.284Z"}
{"api":"NODE SERVER","label":"Uygulama V1","level":"\u001b[32minfo\u001b[39m","message":"MongoDb bağlantısı başarılı","timestamp":"2023-09-26T18:23:14.572Z"}
{"api":"NODE SERVER","label":"Uygulama V1","level":"\u001b[32minfo\u001b[39m","message":"MongoDb bağlantısı başarılı","timestamp":"2023-09-26T18:40:43.368Z"}
{"api":"NODE SERVER","label":"Uygulama V1","level":"\u001b[32minfo\u001b[39m","message":"MongoDb bağlantısı başarılı","timestamp":"2023-09-26T18:41:00.423Z"}
